#
# There is insufficient memory for the Java Runtime Environment to continue.
# Native memory allocation (malloc) failed to allocate 1201776 bytes for Chunk::new
# Possible reasons:
#   The system is out of physical RAM or swap space
#   The process is running with CompressedOops enabled, and the Java Heap may be blocking the growth of the native heap
# Possible solutions:
#   Reduce memory load on the system
#   Increase physical memory or swap space
#   Check if swap backing store is full
#   Decrease Java heap size (-Xmx/-Xms)
#   Decrease number of Java threads
#   Decrease Java thread stack sizes (-Xss)
#   Set larger code cache with -XX:ReservedCodeCacheSize=
#   JVM is running with Zero Based Compressed Oops mode in which the Java heap is
#     placed in the first 32GB address space. The Java Heap base address is the
#     maximum limit for the native heap growth. Please use -XX:HeapBaseMinAddress
#     to set the Java Heap base and to place the Java Heap above 32GB virtual address.
# This output file may be truncated or incomplete.
#
#  Out of Memory Error (arena.cpp:168), pid=28500, tid=23544
#
# JRE version: Java(TM) SE Runtime Environment (21.0.6+8) (build 21.0.6+8-LTS-188)
# Java VM: Java HotSpot(TM) 64-Bit Server VM (21.0.6+8-LTS-188, mixed mode, sharing, tiered, compressed oops, compressed class ptrs, g1 gc, windows-amd64)
# No core dump will be written. Minidumps are not enabled by default on client versions of Windows
#

---------------  S U M M A R Y ------------

Command Line: -javaagent:E:\File_Apps\ItelliJ\Data\lib\idea_rt.jar=55130 -Dfile.encoding=UTF-8 -Dsun.stdout.encoding=UTF-8 -Dsun.stderr.encoding=UTF-8 com.hoang.shopapp.HoangshopBackendApplication

Host: AMD Ryzen 5 5625U with Radeon Graphics         , 12 cores, 13G,  Windows 11 , 64 bit Build 26100 (10.0.26100.4768)
Time: Thu Oct 16 14:45:05 2025 SE Asia Standard Time elapsed time: 10757.484977 seconds (0d 2h 59m 17s)

---------------  T H R E A D  ---------------

Current thread (0x000002bfff80f710):  JavaThread "C2 CompilerThread0" daemon [_thread_in_native, id=23544, stack(0x000000ff18900000,0x000000ff18a00000) (1024K)]


Current CompileTask:
C2:10757485 23698       4       org.springframework.boot.context.config.ConfigDataEnvironmentContributor$ContributorIterator::next (5 bytes)

Stack: [0x000000ff18900000,0x000000ff18a00000]
Native frames: (J=compiled Java code, j=interpreted, Vv=VM code, C=native code)
V  [jvm.dll+0x6ca6d9]
V  [jvm.dll+0x854f51]
V  [jvm.dll+0x85747e]
V  [jvm.dll+0x857b53]
V  [jvm.dll+0x27dcc6]
V  [jvm.dll+0xc4c2d]
V  [jvm.dll+0xc5163]
V  [jvm.dll+0x3b5122]
V  [jvm.dll+0x381855]
V  [jvm.dll+0x380cca]
V  [jvm.dll+0x246920]
V  [jvm.dll+0x245eff]
V  [jvm.dll+0x1c6d2e]
V  [jvm.dll+0x2554f9]
V  [jvm.dll+0x253a8a]
V  [jvm.dll+0x3ee576]
V  [jvm.dll+0x7ff2fb]
V  [jvm.dll+0x6c8dbd]
C  [ucrtbase.dll+0x37b0]
C  [KERNEL32.DLL+0x2e8d7]
C  [ntdll.dll+0x3c34c]


---------------  P R O C E S S  ---------------

Threads class SMR info:
_java_thread_list=0x000002bfdd2d81a0, length=23, elements={
0x000002bfff7f13f0, 0x000002bfff7f2bb0, 0x000002bfff7f99c0, 0x000002bfff7fa770,
0x000002bfff7fbe60, 0x000002bfff802060, 0x000002bfff80f710, 0x000002bfff834d60,
0x000002bf92968920, 0x000002bf92c1ac40, 0x000002bf92c1b2a0, 0x000002bfdafa3ec0,
0x000002bfdc52ec40, 0x000002bfdc534190, 0x000002bfdc52d890, 0x000002bfdc52e5b0,
0x000002bfd9f0de60, 0x000002bfd9f1bda0, 0x000002bfd9f1e500, 0x000002bfdc6d2d70,
0x000002bfdc6da140, 0x000002bfdc52d200, 0x000002bfdc52f960
}

Java Threads: ( => current thread )
  0x000002bfff7f13f0 JavaThread "Reference Handler"          daemon [_thread_blocked, id=32232, stack(0x000000ff18300000,0x000000ff18400000) (1024K)]
  0x000002bfff7f2bb0 JavaThread "Finalizer"                  daemon [_thread_blocked, id=21748, stack(0x000000ff18400000,0x000000ff18500000) (1024K)]
  0x000002bfff7f99c0 JavaThread "Signal Dispatcher"          daemon [_thread_blocked, id=32376, stack(0x000000ff18500000,0x000000ff18600000) (1024K)]
  0x000002bfff7fa770 JavaThread "Attach Listener"            daemon [_thread_blocked, id=9820, stack(0x000000ff18600000,0x000000ff18700000) (1024K)]
  0x000002bfff7fbe60 JavaThread "Service Thread"             daemon [_thread_blocked, id=15468, stack(0x000000ff18700000,0x000000ff18800000) (1024K)]
  0x000002bfff802060 JavaThread "Monitor Deflation Thread"   daemon [_thread_blocked, id=18196, stack(0x000000ff18800000,0x000000ff18900000) (1024K)]
=>0x000002bfff80f710 JavaThread "C2 CompilerThread0"         daemon [_thread_in_native, id=23544, stack(0x000000ff18900000,0x000000ff18a00000) (1024K)]
  0x000002bfff834d60 JavaThread "C1 CompilerThread0"         daemon [_thread_in_native, id=20724, stack(0x000000ff18a00000,0x000000ff18b00000) (1024K)]
  0x000002bf92968920 JavaThread "Common-Cleaner"             daemon [_thread_blocked, id=27284, stack(0x000000ff18b00000,0x000000ff18c00000) (1024K)]
  0x000002bf92c1ac40 JavaThread "Monitor Ctrl-Break"         daemon [_thread_in_native, id=21332, stack(0x000000ff18c00000,0x000000ff18d00000) (1024K)]
  0x000002bf92c1b2a0 JavaThread "Notification Thread"        daemon [_thread_blocked, id=33552, stack(0x000000ff18d00000,0x000000ff18e00000) (1024K)]
  0x000002bfdafa3ec0 JavaThread "mysql-cj-abandoned-connection-cleanup" daemon [_thread_blocked, id=15456, stack(0x000000ff19d00000,0x000000ff19e00000) (1024K)]
  0x000002bfdc52ec40 JavaThread "Live Reload Server"         daemon [_thread_in_native, id=27196, stack(0x000000ff1a600000,0x000000ff1a700000) (1024K)]
  0x000002bfdc534190 JavaThread "DestroyJavaVM"                     [_thread_blocked, id=13320, stack(0x000000ff17b00000,0x000000ff17c00000) (1024K)]
  0x000002bfdc52d890 JavaThread "File Watcher"               daemon [_thread_blocked, id=11660, stack(0x000000ff18e00000,0x000000ff18f00000) (1024K)]
  0x000002bfdc52e5b0 JavaThread "File Watcher"               daemon [_thread_blocked, id=34584, stack(0x000000ff19f00000,0x000000ff1a000000) (1024K)]
  0x000002bfd9f0de60 JavaThread "File Watcher"               daemon [_thread_blocked, id=25652, stack(0x000000ff17800000,0x000000ff17900000) (1024K)]
  0x000002bfd9f1bda0 JavaThread "File Watcher"               daemon [_thread_blocked, id=3288, stack(0x000000ff19e00000,0x000000ff19f00000) (1024K)]
  0x000002bfd9f1e500 JavaThread "File Watcher"               daemon [_thread_blocked, id=1656, stack(0x000000ff17a00000,0x000000ff17b00000) (1024K)]
  0x000002bfdc6d2d70 JavaThread "C2 CompilerThread1"         daemon [_thread_in_native, id=18472, stack(0x000000ff17900000,0x000000ff17a00000) (1024K)]
  0x000002bfdc6da140 JavaThread "C2 CompilerThread2"         daemon [_thread_in_native, id=35540, stack(0x000000ff18f00000,0x000000ff19000000) (1024K)]
  0x000002bfdc52d200 JavaThread "Thread-34"                         [_thread_blocked, id=31752, stack(0x000000ff19a00000,0x000000ff19b00000) (1024K)]
  0x000002bfdc52f960 JavaThread "restartedMain"                     [_thread_in_Java, id=14676, stack(0x000000ff1a100000,0x000000ff1a200000) (1024K)]
Total: 23

Other Threads:
  0x000002bfff7da300 VMThread "VM Thread"                           [id=5780, stack(0x000000ff18200000,0x000000ff18300000) (1024K)]
  0x000002bfff7c9580 WatcherThread "VM Periodic Task Thread"        [id=26360, stack(0x000000ff18100000,0x000000ff18200000) (1024K)]
  0x000002bff14aedd0 WorkerThread "GC Thread#0"                     [id=35764, stack(0x000000ff17c00000,0x000000ff17d00000) (1024K)]
  0x000002bfd87e5ae0 WorkerThread "GC Thread#1"                     [id=7796, stack(0x000000ff19100000,0x000000ff19200000) (1024K)]
  0x000002bfd87bcc10 WorkerThread "GC Thread#2"                     [id=35376, stack(0x000000ff19200000,0x000000ff19300000) (1024K)]
  0x000002bfd87d3ae0 WorkerThread "GC Thread#3"                     [id=3208, stack(0x000000ff19300000,0x000000ff19400000) (1024K)]
  0x000002bfd87bcfb0 WorkerThread "GC Thread#4"                     [id=27908, stack(0x000000ff19400000,0x000000ff19500000) (1024K)]
  0x000002bfd87bd350 WorkerThread "GC Thread#5"                     [id=30256, stack(0x000000ff19500000,0x000000ff19600000) (1024K)]
  0x000002bfd8a56590 WorkerThread "GC Thread#6"                     [id=22356, stack(0x000000ff19700000,0x000000ff19800000) (1024K)]
  0x000002bfd8a56d40 WorkerThread "GC Thread#7"                     [id=20744, stack(0x000000ff19800000,0x000000ff19900000) (1024K)]
  0x000002bfd890f8b0 WorkerThread "GC Thread#8"                     [id=25084, stack(0x000000ff19900000,0x000000ff19a00000) (1024K)]
  0x000002bfd8a10340 WorkerThread "GC Thread#9"                     [id=28080, stack(0x000000ff19600000,0x000000ff19700000) (1024K)]
  0x000002bff14bf1d0 ConcurrentGCThread "G1 Main Marker"            [id=5116, stack(0x000000ff17d00000,0x000000ff17e00000) (1024K)]
  0x000002bff14c0470 WorkerThread "G1 Conc#0"                       [id=29116, stack(0x000000ff17e00000,0x000000ff17f00000) (1024K)]
  0x000002bfd98d5650 WorkerThread "G1 Conc#1"                       [id=35628, stack(0x000000ff19b00000,0x000000ff19c00000) (1024K)]
  0x000002bfd98d64d0 WorkerThread "G1 Conc#2"                       [id=25584, stack(0x000000ff19c00000,0x000000ff19d00000) (1024K)]
  0x000002bfff6989c0 ConcurrentGCThread "G1 Refine#0"               [id=9324, stack(0x000000ff17f00000,0x000000ff18000000) (1024K)]
  0x000002bfff69a2f0 ConcurrentGCThread "G1 Service"                [id=33300, stack(0x000000ff18000000,0x000000ff18100000) (1024K)]
Total: 18

Threads with active compile tasks:
C2 CompilerThread0  10757516 23698       4       org.springframework.boot.context.config.ConfigDataEnvironmentContributor$ContributorIterator::next (5 bytes)
C1 CompilerThread0  10757516 24592   !   3       org.springframework.beans.factory.support.DefaultListableBeanFactory::registerBeanDefinition (406 bytes)
C2 CompilerThread1  10757516 24705       4       sun.reflect.generics.parser.SignatureParser::skipIdentifier (67 bytes)
C2 CompilerThread2  10757516 24420   !   4       org.springframework.context.annotation.ConfigurationClassParser::asSourceClass (86 bytes)
Total: 4

VM state: not at safepoint (normal execution)

VM Mutex/Monitor currently owned by a thread: None

Heap address: 0x0000000722600000, size: 3546 MB, Compressed Oops mode: Zero based, Oop shift amount: 3

CDS archive(s) mapped at: [0x000002bf93000000-0x000002bf93c90000-0x000002bf93c90000), size 13172736, SharedBaseAddress: 0x000002bf93000000, ArchiveRelocationMode: 1.
Compressed class space mapped at: 0x000002bf94000000-0x000002bfd4000000, reserved size: 1073741824
Narrow klass base: 0x000002bf93000000, Narrow klass shift: 0, Narrow klass range: 0x100000000

GC Precious Log:
 CardTable entry size: 512
 Card Set container configuration: InlinePtr #cards 4 size 8 Array Of Cards #cards 16 size 48 Howl #buckets 8 coarsen threshold 3686 Howl Bitmap #cards 512 size 80 coarsen threshold 460 Card regions per heap region 1 cards per card region 4096
 CPUs: 12 total, 12 available
 Memory: 14181M
 Large Page Support: Disabled
 NUMA Support: Disabled
 Compressed Oops: Enabled (Zero based)
 Heap Region Size: 2M
 Heap Min Capacity: 8M
 Heap Initial Capacity: 222M
 Heap Max Capacity: 3546M
 Pre-touch: Disabled
 Parallel Workers: 10
 Concurrent Workers: 3
 Concurrent Refinement Workers: 10
 Periodic GC: Disabled

Heap:
 garbage-first heap   total 116736K, used 49059K [0x0000000722600000, 0x0000000800000000)
  region size 2048K, 11 young (22528K), 0 survivors (0K)
 Metaspace       used 92661K, committed 93632K, reserved 1179648K
  class space    used 11202K, committed 11712K, reserved 1048576K

Heap Regions: E=young(eden), S=young(survivor), O=old, HS=humongous(starts), HC=humongous(continues), CS=collection set, F=free, TAMS=top-at-mark-start, PB=parsable bottom
|   0|0x0000000722600000, 0x0000000722800000, 0x0000000722800000|100%| O|  |TAMS 0x0000000722600000| PB 0x0000000722600000| Untracked 
|   1|0x0000000722800000, 0x00000007229fffd8, 0x0000000722a00000| 99%| O|  |TAMS 0x0000000722800000| PB 0x0000000722800000| Untracked 
|   2|0x0000000722a00000, 0x0000000722c00000, 0x0000000722c00000|100%| O|  |TAMS 0x0000000722a00000| PB 0x0000000722a00000| Untracked 
|   3|0x0000000722c00000, 0x0000000722dfffd0, 0x0000000722e00000| 99%| O|  |TAMS 0x0000000722c00000| PB 0x0000000722c00000| Untracked 
|   4|0x0000000722e00000, 0x0000000722ffffe0, 0x0000000723000000| 99%| O|  |TAMS 0x0000000722e00000| PB 0x0000000722e00000| Untracked 
|   5|0x0000000723000000, 0x00000007231ffff8, 0x0000000723200000| 99%| O|  |TAMS 0x0000000723000000| PB 0x0000000723000000| Untracked 
|   6|0x0000000723200000, 0x0000000723400000, 0x0000000723400000|100%| O|  |TAMS 0x0000000723200000| PB 0x0000000723200000| Untracked 
|   7|0x0000000723400000, 0x0000000723600000, 0x0000000723600000|100%| O|  |TAMS 0x0000000723400000| PB 0x0000000723400000| Untracked 
|   8|0x0000000723600000, 0x0000000723738d00, 0x0000000723800000| 61%| O|  |TAMS 0x0000000723600000| PB 0x0000000723600000| Untracked 
|   9|0x0000000723800000, 0x00000007239ff0a0, 0x0000000723a00000| 99%| O|  |TAMS 0x0000000723800000| PB 0x0000000723800000| Untracked 
|  10|0x0000000723a00000, 0x0000000723b0f758, 0x0000000723c00000| 53%| O|  |TAMS 0x0000000723a00000| PB 0x0000000723a00000| Untracked 
|  11|0x0000000723c00000, 0x0000000723e00000, 0x0000000723e00000|100%| O|  |TAMS 0x0000000723c00000| PB 0x0000000723c00000| Untracked 
|  12|0x0000000723e00000, 0x0000000723ffffc8, 0x0000000724000000| 99%| O|  |TAMS 0x0000000723e00000| PB 0x0000000723e00000| Untracked 
|  13|0x0000000724000000, 0x0000000724000000, 0x0000000724200000|  0%| F|  |TAMS 0x0000000724000000| PB 0x0000000724000000| Untracked 
|  14|0x0000000724200000, 0x00000007243fffe8, 0x0000000724400000| 99%| O|  |TAMS 0x0000000724200000| PB 0x0000000724200000| Untracked 
|  15|0x0000000724400000, 0x0000000724400000, 0x0000000724600000|  0%| F|  |TAMS 0x0000000724400000| PB 0x0000000724400000| Untracked 
|  16|0x0000000724600000, 0x0000000724665158, 0x0000000724800000| 19%| O|  |TAMS 0x0000000724600000| PB 0x0000000724600000| Untracked 
|  17|0x0000000724800000, 0x00000007248857c0, 0x0000000724a00000| 26%| O|  |TAMS 0x0000000724800000| PB 0x0000000724800000| Untracked 
|  18|0x0000000724a00000, 0x0000000724a00000, 0x0000000724c00000|  0%| F|  |TAMS 0x0000000724a00000| PB 0x0000000724a00000| Untracked 
|  19|0x0000000724c00000, 0x0000000724cb70b8, 0x0000000724e00000| 35%| O|  |TAMS 0x0000000724c00000| PB 0x0000000724c00000| Untracked 
|  20|0x0000000724e00000, 0x0000000724e00000, 0x0000000725000000|  0%| F|  |TAMS 0x0000000724e00000| PB 0x0000000724e00000| Untracked 
|  21|0x0000000725000000, 0x0000000725000000, 0x0000000725200000|  0%| F|  |TAMS 0x0000000725000000| PB 0x0000000725000000| Untracked 
|  22|0x0000000725200000, 0x0000000725200000, 0x0000000725400000|  0%| F|  |TAMS 0x0000000725200000| PB 0x0000000725200000| Untracked 
|  23|0x0000000725400000, 0x0000000725400000, 0x0000000725600000|  0%| F|  |TAMS 0x0000000725400000| PB 0x0000000725400000| Untracked 
|  24|0x0000000725600000, 0x0000000725600000, 0x0000000725800000|  0%| F|  |TAMS 0x0000000725600000| PB 0x0000000725600000| Untracked 
|  25|0x0000000725800000, 0x0000000725800000, 0x0000000725a00000|  0%| F|  |TAMS 0x0000000725800000| PB 0x0000000725800000| Untracked 
|  26|0x0000000725a00000, 0x0000000725a00000, 0x0000000725c00000|  0%| F|  |TAMS 0x0000000725a00000| PB 0x0000000725a00000| Untracked 
|  27|0x0000000725c00000, 0x0000000725c00000, 0x0000000725e00000|  0%| F|  |TAMS 0x0000000725c00000| PB 0x0000000725c00000| Untracked 
|  28|0x0000000725e00000, 0x0000000725e00000, 0x0000000726000000|  0%| F|  |TAMS 0x0000000725e00000| PB 0x0000000725e00000| Untracked 
|  29|0x0000000726000000, 0x0000000726000000, 0x0000000726200000|  0%| F|  |TAMS 0x0000000726000000| PB 0x0000000726000000| Untracked 
|  30|0x0000000726200000, 0x0000000726200000, 0x0000000726400000|  0%| F|  |TAMS 0x0000000726200000| PB 0x0000000726200000| Untracked 
|  31|0x0000000726400000, 0x0000000726400000, 0x0000000726600000|  0%| F|  |TAMS 0x0000000726400000| PB 0x0000000726400000| Untracked 
|  32|0x0000000726600000, 0x0000000726600000, 0x0000000726800000|  0%| F|  |TAMS 0x0000000726600000| PB 0x0000000726600000| Untracked 
|  33|0x0000000726800000, 0x0000000726800000, 0x0000000726a00000|  0%| F|  |TAMS 0x0000000726800000| PB 0x0000000726800000| Untracked 
|  34|0x0000000726a00000, 0x0000000726a00000, 0x0000000726c00000|  0%| F|  |TAMS 0x0000000726a00000| PB 0x0000000726a00000| Untracked 
|  35|0x0000000726c00000, 0x0000000726c00000, 0x0000000726e00000|  0%| F|  |TAMS 0x0000000726c00000| PB 0x0000000726c00000| Untracked 
|  36|0x0000000726e00000, 0x0000000726e00000, 0x0000000727000000|  0%| F|  |TAMS 0x0000000726e00000| PB 0x0000000726e00000| Untracked 
|  37|0x0000000727000000, 0x0000000727000000, 0x0000000727200000|  0%| F|  |TAMS 0x0000000727000000| PB 0x0000000727000000| Untracked 
|  38|0x0000000727200000, 0x0000000727200000, 0x0000000727400000|  0%| F|  |TAMS 0x0000000727200000| PB 0x0000000727200000| Untracked 
|  39|0x0000000727400000, 0x0000000727400000, 0x0000000727600000|  0%| F|  |TAMS 0x0000000727400000| PB 0x0000000727400000| Untracked 
|  40|0x0000000727600000, 0x0000000727600000, 0x0000000727800000|  0%| F|  |TAMS 0x0000000727600000| PB 0x0000000727600000| Untracked 
|  41|0x0000000727800000, 0x0000000727800000, 0x0000000727a00000|  0%| F|  |TAMS 0x0000000727800000| PB 0x0000000727800000| Untracked 
|  42|0x0000000727a00000, 0x0000000727a00000, 0x0000000727c00000|  0%| F|  |TAMS 0x0000000727a00000| PB 0x0000000727a00000| Untracked 
|  43|0x0000000727c00000, 0x0000000727c00000, 0x0000000727e00000|  0%| F|  |TAMS 0x0000000727c00000| PB 0x0000000727c00000| Untracked 
|  44|0x0000000727e00000, 0x0000000727e00000, 0x0000000728000000|  0%| F|  |TAMS 0x0000000727e00000| PB 0x0000000727e00000| Untracked 
|  45|0x0000000728000000, 0x0000000728000000, 0x0000000728200000|  0%| F|  |TAMS 0x0000000728000000| PB 0x0000000728000000| Untracked 
|  46|0x0000000728200000, 0x00000007282a1450, 0x0000000728400000| 31%| E|  |TAMS 0x0000000728200000| PB 0x0000000728200000| Complete 
|  47|0x0000000728400000, 0x0000000728600000, 0x0000000728600000|100%| E|CS|TAMS 0x0000000728400000| PB 0x0000000728400000| Complete 
|  48|0x0000000728600000, 0x0000000728800000, 0x0000000728800000|100%| E|CS|TAMS 0x0000000728600000| PB 0x0000000728600000| Complete 
|  49|0x0000000728800000, 0x0000000728a00000, 0x0000000728a00000|100%| E|CS|TAMS 0x0000000728800000| PB 0x0000000728800000| Complete 
|  50|0x0000000728a00000, 0x0000000728c00000, 0x0000000728c00000|100%| E|CS|TAMS 0x0000000728a00000| PB 0x0000000728a00000| Complete 
|  51|0x0000000728c00000, 0x0000000728e00000, 0x0000000728e00000|100%| E|CS|TAMS 0x0000000728c00000| PB 0x0000000728c00000| Complete 
|  52|0x0000000728e00000, 0x0000000729000000, 0x0000000729000000|100%| E|CS|TAMS 0x0000000728e00000| PB 0x0000000728e00000| Complete 
|  53|0x0000000729000000, 0x0000000729200000, 0x0000000729200000|100%| E|CS|TAMS 0x0000000729000000| PB 0x0000000729000000| Complete 
|  54|0x0000000729200000, 0x0000000729400000, 0x0000000729400000|100%| E|CS|TAMS 0x0000000729200000| PB 0x0000000729200000| Complete 
|  55|0x0000000729400000, 0x0000000729600000, 0x0000000729600000|100%| E|CS|TAMS 0x0000000729400000| PB 0x0000000729400000| Complete 
|  56|0x0000000729600000, 0x0000000729800000, 0x0000000729800000|100%| E|CS|TAMS 0x0000000729600000| PB 0x0000000729600000| Complete 

Card table byte_map: [0x000002bffc430000,0x000002bffcb20000] _byte_map_base: 0x000002bff8b1d000

Marking Bits: (CMBitMap*) 0x000002bff14afce0
 Bits: [0x000002bf8f000000, 0x000002bf92768000)

Polling page: 0x000002bffb090000

Metaspace:

Usage:
  Non-class:     79.55 MB used.
      Class:     10.94 MB used.
       Both:     90.49 MB used.

Virtual space:
  Non-class space:      128.00 MB reserved,      80.00 MB ( 62%) committed,  2 nodes.
      Class space:        1.00 GB reserved,      11.44 MB (  1%) committed,  1 nodes.
             Both:        1.12 GB reserved,      91.44 MB (  8%) committed. 

Chunk freelists:
   Non-Class:  109.00 KB
       Class:  4.64 MB
        Both:  4.74 MB

MaxMetaspaceSize: unlimited
CompressedClassSpaceSize: 1.00 GB
Initial GC threshold: 21.00 MB
Current GC threshold: 152.44 MB
CDS: on
 - commit_granule_bytes: 65536.
 - commit_granule_words: 8192.
 - virtual_space_node_default_size: 8388608.
 - enlarge_chunks_in_place: 1.
 - use_allocation_guard: 0.


Internal statistics:

num_allocs_failed_limit: 15.
num_arena_births: 1458.
num_arena_deaths: 542.
num_vsnodes_births: 3.
num_vsnodes_deaths: 0.
num_space_committed: 1463.
num_space_uncommitted: 0.
num_chunks_returned_to_freelist: 683.
num_chunks_taken_from_freelist: 5353.
num_chunk_merges: 177.
num_chunk_splits: 3463.
num_chunks_enlarged: 2517.
num_inconsistent_stats: 0.

CodeHeap 'non-profiled nmethods': size=120000Kb used=6690Kb max_used=9979Kb free=113309Kb
 bounds [0x000002bf87ad0000, 0x000002bf88490000, 0x000002bf8f000000]
CodeHeap 'profiled nmethods': size=120000Kb used=14157Kb max_used=24288Kb free=105842Kb
 bounds [0x000002bf80000000, 0x000002bf817c0000, 0x000002bf87530000]
CodeHeap 'non-nmethods': size=5760Kb used=1781Kb max_used=1854Kb free=3978Kb
 bounds [0x000002bf87530000, 0x000002bf877a0000, 0x000002bf87ad0000]
 total_blobs=7877 nmethods=7095 adapters=685
 compilation: enabled
              stopped_count=0, restarted_count=0
 full_count=0

Compilation events (20 events):
Event: 10756.481 Thread 0x000002bfff834d60 24672   !   2       org.springframework.util.ReflectionUtils::getDeclaredMethods (186 bytes)
Event: 10756.482 Thread 0x000002bfff834d60 nmethod 24672 0x000002bf808e1210 code [0x000002bf808e14e0, 0x000002bf808e1e58]
Event: 10756.482 Thread 0x000002bfff834d60 24673       3       org.springframework.beans.factory.support.AbstractAutowireCapableBeanFactory::determineTargetType (83 bytes)
Event: 10756.482 Thread 0x000002bfff834d60 nmethod 24673 0x000002bf808e0190 code [0x000002bf808e03a0, 0x000002bf808e0fb0]
Event: 10756.482 Thread 0x000002bfff834d60 24677       3       org.springframework.core.annotation.TypeMappedAnnotations$MergedAnnotationFinder::process (176 bytes)
Event: 10756.483 Thread 0x000002bfff834d60 nmethod 24677 0x000002bf81253e10 code [0x000002bf812540c0, 0x000002bf81254d20]
Event: 10756.483 Thread 0x000002bfff834d60 24674       2       org.springframework.util.ObjectUtils::arrayEquals (272 bytes)
Event: 10756.483 Thread 0x000002bfff834d60 nmethod 24674 0x000002bf81252b10 code [0x000002bf81252de0, 0x000002bf81253b10]
Event: 10756.483 Thread 0x000002bfff834d60 24666   !   2       jdk.internal.access.SharedSecrets::getJavaUtilCollectionAccess (26 bytes)
Event: 10756.483 Thread 0x000002bfff834d60 nmethod 24666 0x000002bf81252710 code [0x000002bf812528c0, 0x000002bf81252a40]
Event: 10756.483 Thread 0x000002bfff834d60 24676   !   3       sun.reflect.annotation.AnnotationParser::parseAnnotation2 (275 bytes)
Event: 10756.484 Thread 0x000002bfff834d60 nmethod 24676 0x000002bf8062a090 code [0x000002bf8062a4c0, 0x000002bf8062c160]
Event: 10756.484 Thread 0x000002bfff834d60 24664   !   3       org.springframework.boot.autoconfigure.condition.OnBeanCondition$Spec::resolveWhenPossible (102 bytes)
Event: 10756.485 Thread 0x000002bfff834d60 nmethod 24664 0x000002bf80bf7c10 code [0x000002bf80bf7f20, 0x000002bf80bf8fe0]
Event: 10756.485 Thread 0x000002bfff834d60 24684       2       org.springframework.core.ResolvableType$WildcardBounds::get (173 bytes)
Event: 10756.485 Thread 0x000002bfff834d60 nmethod 24684 0x000002bf80bf6d10 code [0x000002bf80bf6f80, 0x000002bf80bf7800]
Event: 10756.485 Thread 0x000002bfff834d60 24686       2       org.springframework.core.ResolvableType::isAssignableFrom (584 bytes)
Event: 10756.486 Thread 0x000002bfff834d60 nmethod 24686 0x000002bf80da5110 code [0x000002bf80da5520, 0x000002bf80da65c8]
Event: 10756.486 Thread 0x000002bfff834d60 24688   !   2       org.springframework.beans.factory.support.AbstractAutowireCapableBeanFactory::getTypeForFactoryBean (388 bytes)
Event: 10757.482 Thread 0x000002bfff834d60 nmethod 24688 0x000002bf81505d90 code [0x000002bf815061a0, 0x000002bf81507458]

GC Heap History (20 events):
Event: 8970.439 GC heap before
{Heap before GC invocations=95 (full 4):
 garbage-first heap   total 137216K, used 115563K [0x0000000722600000, 0x0000000800000000)
  region size 2048K, 40 young (81920K), 1 survivors (2048K)
 Metaspace       used 92403K, committed 93440K, reserved 1179648K
  class space    used 11191K, committed 11712K, reserved 1048576K
}
Event: 8970.442 GC heap after
{Heap after GC invocations=96 (full 4):
 garbage-first heap   total 137216K, used 35399K [0x0000000722600000, 0x0000000800000000)
  region size 2048K, 1 young (2048K), 1 survivors (2048K)
 Metaspace       used 92403K, committed 93440K, reserved 1179648K
  class space    used 11191K, committed 11712K, reserved 1048576K
}
Event: 9187.119 GC heap before
{Heap before GC invocations=96 (full 4):
 garbage-first heap   total 137216K, used 115271K [0x0000000722600000, 0x0000000800000000)
  region size 2048K, 40 young (81920K), 1 survivors (2048K)
 Metaspace       used 92408K, committed 93440K, reserved 1179648K
  class space    used 11192K, committed 11712K, reserved 1048576K
}
Event: 9187.120 GC heap after
{Heap after GC invocations=97 (full 4):
 garbage-first heap   total 137216K, used 35605K [0x0000000722600000, 0x0000000800000000)
  region size 2048K, 1 young (2048K), 1 survivors (2048K)
 Metaspace       used 92408K, committed 93440K, reserved 1179648K
  class space    used 11192K, committed 11712K, reserved 1048576K
}
Event: 9389.995 GC heap before
{Heap before GC invocations=98 (full 4):
 garbage-first heap   total 131072K, used 111381K [0x0000000722600000, 0x0000000800000000)
  region size 2048K, 38 young (77824K), 1 survivors (2048K)
 Metaspace       used 92422K, committed 93440K, reserved 1179648K
  class space    used 11192K, committed 11712K, reserved 1048576K
}
Event: 9389.997 GC heap after
{Heap after GC invocations=99 (full 4):
 garbage-first heap   total 131072K, used 35651K [0x0000000722600000, 0x0000000800000000)
  region size 2048K, 1 young (2048K), 1 survivors (2048K)
 Metaspace       used 92422K, committed 93440K, reserved 1179648K
  class space    used 11192K, committed 11712K, reserved 1048576K
}
Event: 9568.229 GC heap before
{Heap before GC invocations=99 (full 4):
 garbage-first heap   total 131072K, used 111427K [0x0000000722600000, 0x0000000800000000)
  region size 2048K, 38 young (77824K), 1 survivors (2048K)
 Metaspace       used 92518K, committed 93504K, reserved 1179648K
  class space    used 11195K, committed 11712K, reserved 1048576K
}
Event: 9568.231 GC heap after
{Heap after GC invocations=100 (full 4):
 garbage-first heap   total 131072K, used 35035K [0x0000000722600000, 0x0000000800000000)
  region size 2048K, 1 young (2048K), 1 survivors (2048K)
 Metaspace       used 92518K, committed 93504K, reserved 1179648K
  class space    used 11195K, committed 11712K, reserved 1048576K
}
Event: 9771.681 GC heap before
{Heap before GC invocations=100 (full 4):
 garbage-first heap   total 131072K, used 110811K [0x0000000722600000, 0x0000000800000000)
  region size 2048K, 38 young (77824K), 1 survivors (2048K)
 Metaspace       used 92553K, committed 93504K, reserved 1179648K
  class space    used 11195K, committed 11712K, reserved 1048576K
}
Event: 9771.682 GC heap after
{Heap after GC invocations=101 (full 4):
 garbage-first heap   total 131072K, used 34909K [0x0000000722600000, 0x0000000800000000)
  region size 2048K, 1 young (2048K), 1 survivors (2048K)
 Metaspace       used 92553K, committed 93504K, reserved 1179648K
  class space    used 11195K, committed 11712K, reserved 1048576K
}
Event: 9978.769 GC heap before
{Heap before GC invocations=102 (full 4):
 garbage-first heap   total 131072K, used 110685K [0x0000000722600000, 0x0000000800000000)
  region size 2048K, 38 young (77824K), 1 survivors (2048K)
 Metaspace       used 92579K, committed 93568K, reserved 1179648K
  class space    used 11195K, committed 11712K, reserved 1048576K
}
Event: 9978.771 GC heap after
{Heap after GC invocations=103 (full 4):
 garbage-first heap   total 131072K, used 34879K [0x0000000722600000, 0x0000000800000000)
  region size 2048K, 1 young (2048K), 1 survivors (2048K)
 Metaspace       used 92579K, committed 93568K, reserved 1179648K
  class space    used 11195K, committed 11712K, reserved 1048576K
}
Event: 10184.743 GC heap before
{Heap before GC invocations=103 (full 4):
 garbage-first heap   total 131072K, used 110655K [0x0000000722600000, 0x0000000800000000)
  region size 2048K, 38 young (77824K), 1 survivors (2048K)
 Metaspace       used 92590K, committed 93632K, reserved 1179648K
  class space    used 11195K, committed 11712K, reserved 1048576K
}
Event: 10184.745 GC heap after
{Heap after GC invocations=104 (full 4):
 garbage-first heap   total 131072K, used 34893K [0x0000000722600000, 0x0000000800000000)
  region size 2048K, 1 young (2048K), 1 survivors (2048K)
 Metaspace       used 92590K, committed 93632K, reserved 1179648K
  class space    used 11195K, committed 11712K, reserved 1048576K
}
Event: 10397.574 GC heap before
{Heap before GC invocations=104 (full 4):
 garbage-first heap   total 131072K, used 110669K [0x0000000722600000, 0x0000000800000000)
  region size 2048K, 38 young (77824K), 1 survivors (2048K)
 Metaspace       used 92590K, committed 93632K, reserved 1179648K
  class space    used 11195K, committed 11712K, reserved 1048576K
}
Event: 10397.577 GC heap after
{Heap after GC invocations=105 (full 4):
 garbage-first heap   total 131072K, used 34944K [0x0000000722600000, 0x0000000800000000)
  region size 2048K, 1 young (2048K), 1 survivors (2048K)
 Metaspace       used 92590K, committed 93632K, reserved 1179648K
  class space    used 11195K, committed 11712K, reserved 1048576K
}
Event: 10608.741 GC heap before
{Heap before GC invocations=106 (full 4):
 garbage-first heap   total 131072K, used 110720K [0x0000000722600000, 0x0000000800000000)
  region size 2048K, 38 young (77824K), 1 survivors (2048K)
 Metaspace       used 92625K, committed 93632K, reserved 1179648K
  class space    used 11197K, committed 11712K, reserved 1048576K
}
Event: 10608.742 GC heap after
{Heap after GC invocations=107 (full 4):
 garbage-first heap   total 131072K, used 35027K [0x0000000722600000, 0x0000000800000000)
  region size 2048K, 1 young (2048K), 1 survivors (2048K)
 Metaspace       used 92625K, committed 93632K, reserved 1179648K
  class space    used 11197K, committed 11712K, reserved 1048576K
}
Event: 10755.899 GC heap before
{Heap before GC invocations=107 (full 4):
 garbage-first heap   total 131072K, used 88275K [0x0000000722600000, 0x0000000800000000)
  region size 2048K, 28 young (57344K), 1 survivors (2048K)
 Metaspace       used 92641K, committed 93632K, reserved 1179648K
  class space    used 11198K, committed 11712K, reserved 1048576K
}
Event: 10755.999 GC heap after
{Heap after GC invocations=108 (full 5):
 garbage-first heap   total 116736K, used 28579K [0x0000000722600000, 0x0000000800000000)
  region size 2048K, 0 young (0K), 0 survivors (0K)
 Metaspace       used 92633K, committed 93632K, reserved 1179648K
  class space    used 11196K, committed 11712K, reserved 1048576K
}

Dll operation events (13 events):
Event: 0.007 Loaded shared library E:\File_Apps\jdk-21.0.6\bin\java.dll
Event: 0.034 Loaded shared library E:\File_Apps\jdk-21.0.6\bin\jsvml.dll
Event: 0.094 Loaded shared library E:\File_Apps\jdk-21.0.6\bin\zip.dll
Event: 0.097 Loaded shared library E:\File_Apps\jdk-21.0.6\bin\instrument.dll
Event: 0.100 Loaded shared library E:\File_Apps\jdk-21.0.6\bin\net.dll
Event: 0.102 Loaded shared library E:\File_Apps\jdk-21.0.6\bin\nio.dll
Event: 0.104 Loaded shared library E:\File_Apps\jdk-21.0.6\bin\zip.dll
Event: 0.274 Loaded shared library E:\File_Apps\jdk-21.0.6\bin\extnet.dll
Event: 0.300 Loaded shared library E:\File_Apps\jdk-21.0.6\bin\jimage.dll
Event: 0.488 Loaded shared library E:\File_Apps\jdk-21.0.6\bin\management.dll
Event: 0.493 Loaded shared library E:\File_Apps\jdk-21.0.6\bin\management_ext.dll
Event: 1.231 Loaded shared library E:\File_Apps\jdk-21.0.6\bin\sunmscapi.dll
Event: 2.874 Loaded shared library E:\File_Apps\jdk-21.0.6\bin\verify.dll

Deoptimization events (20 events):
Event: 10756.276 Thread 0x000002bfdc52f960 DEOPT PACKING pc=0x000002bf802b3953 sp=0x000000ff1a1fe3f0
Event: 10756.276 Thread 0x000002bfdc52f960 DEOPT UNPACKING pc=0x000002bf87584e42 sp=0x000000ff1a1fd860 mode 0
Event: 10756.284 Thread 0x000002bfdc52f960 DEOPT PACKING pc=0x000002bf802b3953 sp=0x000000ff1a1fde50
Event: 10756.284 Thread 0x000002bfdc52f960 DEOPT UNPACKING pc=0x000002bf87584e42 sp=0x000000ff1a1fd2c0 mode 0
Event: 10756.325 Thread 0x000002bfdc52f960 Uncommon trap: trap_request=0xffffffd6 fr.pc=0x000002bf8807dfec relative=0x00000000000004ac
Event: 10756.325 Thread 0x000002bfdc52f960 Uncommon trap: reason=array_check action=maybe_recompile pc=0x000002bf8807dfec method=java.util.HashMap.keysToArray([Ljava/lang/Object;)[Ljava/lang/Object; @ 62 c2
Event: 10756.325 Thread 0x000002bfdc52f960 DEOPT PACKING pc=0x000002bf8807dfec sp=0x000000ff1a1fd930
Event: 10756.325 Thread 0x000002bfdc52f960 DEOPT UNPACKING pc=0x000002bf875846a2 sp=0x000000ff1a1fd8c8 mode 2
Event: 10756.330 Thread 0x000002bfdc52f960 Uncommon trap: trap_request=0xffffffd6 fr.pc=0x000002bf8807dfec relative=0x00000000000004ac
Event: 10756.330 Thread 0x000002bfdc52f960 Uncommon trap: reason=array_check action=maybe_recompile pc=0x000002bf8807dfec method=java.util.HashMap.keysToArray([Ljava/lang/Object;)[Ljava/lang/Object; @ 62 c2
Event: 10756.330 Thread 0x000002bfdc52f960 DEOPT PACKING pc=0x000002bf8807dfec sp=0x000000ff1a1fdbb0
Event: 10756.330 Thread 0x000002bfdc52f960 DEOPT UNPACKING pc=0x000002bf875846a2 sp=0x000000ff1a1fdb48 mode 2
Event: 10756.333 Thread 0x000002bfdc52f960 Uncommon trap: trap_request=0xffffffd6 fr.pc=0x000002bf8807dfec relative=0x00000000000004ac
Event: 10756.333 Thread 0x000002bfdc52f960 Uncommon trap: reason=array_check action=maybe_recompile pc=0x000002bf8807dfec method=java.util.HashMap.keysToArray([Ljava/lang/Object;)[Ljava/lang/Object; @ 62 c2
Event: 10756.333 Thread 0x000002bfdc52f960 DEOPT PACKING pc=0x000002bf8807dfec sp=0x000000ff1a1fdbb0
Event: 10756.333 Thread 0x000002bfdc52f960 DEOPT UNPACKING pc=0x000002bf875846a2 sp=0x000000ff1a1fdb48 mode 2
Event: 10756.333 Thread 0x000002bfdc52f960 Uncommon trap: trap_request=0xffffffd6 fr.pc=0x000002bf8807dfec relative=0x00000000000004ac
Event: 10756.333 Thread 0x000002bfdc52f960 Uncommon trap: reason=array_check action=maybe_recompile pc=0x000002bf8807dfec method=java.util.HashMap.keysToArray([Ljava/lang/Object;)[Ljava/lang/Object; @ 62 c2
Event: 10756.333 Thread 0x000002bfdc52f960 DEOPT PACKING pc=0x000002bf8807dfec sp=0x000000ff1a1fdbb0
Event: 10756.333 Thread 0x000002bfdc52f960 DEOPT UNPACKING pc=0x000002bf875846a2 sp=0x000000ff1a1fdb48 mode 2

Classes loaded (20 events):
Event: 68.257 Loading class org/w3c/dom/Node
Event: 68.258 Loading class org/w3c/dom/Node done
Event: 68.258 Loading class org/w3c/dom/Document
Event: 68.258 Loading class org/w3c/dom/Document done
Event: 637.585 Loading class java/util/concurrent/locks/AbstractQueuedSynchronizer$SharedNode
Event: 637.585 Loading class java/util/concurrent/locks/AbstractQueuedSynchronizer$SharedNode done
Event: 637.605 Loading class sun/security/ssl/Alert
Event: 637.606 Loading class sun/security/ssl/Alert done
Event: 637.607 Loading class sun/security/ssl/Alert$AlertConsumer
Event: 637.607 Loading class sun/security/ssl/Alert$AlertConsumer done
Event: 637.607 Loading class sun/security/ssl/Alert$Level
Event: 637.607 Loading class sun/security/ssl/Alert$Level done
Event: 637.608 Loading class sun/net/ConnectionResetException
Event: 637.609 Loading class sun/net/ConnectionResetException done
Event: 637.704 Loading class java/lang/ref/Finalizer$2
Event: 637.705 Loading class java/lang/ref/Finalizer$2 done
Event: 637.705 Loading class java/lang/ref/Finalizer$1
Event: 637.705 Loading class java/lang/ref/Finalizer$1 done
Event: 3132.237 Loading class jdk/internal/access/JavaAWTAccess
Event: 3132.237 Loading class jdk/internal/access/JavaAWTAccess done

Classes unloaded (20 events):
Event: 7220.326 Thread 0x000002bfff7da300 Unloading class 0x000002bf94118c00 'java/lang/invoke/LambdaForm$MH+0x000002bf94118c00'
Event: 7220.326 Thread 0x000002bfff7da300 Unloading class 0x000002bf94118800 'java/lang/invoke/LambdaForm$MH+0x000002bf94118800'
Event: 7220.326 Thread 0x000002bfff7da300 Unloading class 0x000002bf94111400 'java/lang/invoke/LambdaForm$MH+0x000002bf94111400'
Event: 7220.326 Thread 0x000002bfff7da300 Unloading class 0x000002bf94094800 'java/lang/invoke/LambdaForm$MH+0x000002bf94094800'
Event: 7220.326 Thread 0x000002bfff7da300 Unloading class 0x000002bf94094400 'java/lang/invoke/LambdaForm$MH+0x000002bf94094400'
Event: 7220.326 Thread 0x000002bfff7da300 Unloading class 0x000002bf94094000 'java/lang/invoke/LambdaForm$MH+0x000002bf94094000'
Event: 7220.326 Thread 0x000002bfff7da300 Unloading class 0x000002bf94092c00 'java/lang/invoke/LambdaForm$MH+0x000002bf94092c00'
Event: 7220.326 Thread 0x000002bfff7da300 Unloading class 0x000002bf94091c00 'java/lang/invoke/LambdaForm$MH+0x000002bf94091c00'
Event: 7220.326 Thread 0x000002bfff7da300 Unloading class 0x000002bf94091800 'java/lang/invoke/LambdaForm$MH+0x000002bf94091800'
Event: 7220.326 Thread 0x000002bfff7da300 Unloading class 0x000002bf94091000 'java/lang/invoke/LambdaForm$MH+0x000002bf94091000'
Event: 7220.326 Thread 0x000002bfff7da300 Unloading class 0x000002bf94090800 'java/lang/invoke/LambdaForm$MH+0x000002bf94090800'
Event: 7220.326 Thread 0x000002bfff7da300 Unloading class 0x000002bf94084c00 'java/lang/invoke/LambdaForm$MH+0x000002bf94084c00'
Event: 7220.326 Thread 0x000002bfff7da300 Unloading class 0x000002bf9401b400 'java/lang/invoke/LambdaForm$MH+0x000002bf9401b400'
Event: 7220.326 Thread 0x000002bfff7da300 Unloading class 0x000002bf9401ac00 'java/lang/invoke/LambdaForm$MH+0x000002bf9401ac00'
Event: 7220.326 Thread 0x000002bfff7da300 Unloading class 0x000002bf9401a400 'java/lang/invoke/LambdaForm$MH+0x000002bf9401a400'
Event: 7220.326 Thread 0x000002bfff7da300 Unloading class 0x000002bf9401a000 'java/lang/invoke/LambdaForm$MH+0x000002bf9401a000'
Event: 10755.914 Thread 0x000002bfff7da300 Unloading class 0x000002bf943c9000 'java/lang/invoke/LambdaForm$MH+0x000002bf943c9000'
Event: 10755.914 Thread 0x000002bfff7da300 Unloading class 0x000002bf943c8000 'java/lang/invoke/LambdaForm$DMH+0x000002bf943c8000'
Event: 10755.914 Thread 0x000002bfff7da300 Unloading class 0x000002bf94356c00 'java/lang/invoke/LambdaForm$MH+0x000002bf94356c00'
Event: 10755.914 Thread 0x000002bfff7da300 Unloading class 0x000002bf94356000 'java/lang/invoke/LambdaForm$MH+0x000002bf94356000'

Classes redefined (0 events):
No events

Internal exceptions (20 events):
Event: 7671.146 Thread 0x000002bfdc52f2d0 Implicit null exception at 0x000002bf87e225f2 to 0x000002bf87e235c0
Event: 7761.784 Thread 0x000002bfdc52d200 Exception <a 'java/io/IOException'{0x0000000728883788}> (0x0000000728883788) 
thrown [s\open\src\hotspot\share\prims\jni.cpp, line 520]
Event: 7814.950 Thread 0x000002bfdc52fff0 Exception <a 'java/io/IOException'{0x0000000727548d80}> (0x0000000727548d80) 
thrown [s\open\src\hotspot\share\prims\jni.cpp, line 520]
Event: 7950.189 Thread 0x000002bfdc531a30 Exception <a 'java/net/SocketException'{0x0000000728d041f0}: Connection reset by peer: shutdown> (0x0000000728d041f0) 
thrown [s\open\src\hotspot\share\prims\jni.cpp, line 539]
Event: 9106.778 Thread 0x000002bfdc52f2d0 Exception <a 'java/io/IOException'{0x0000000727b05118}> (0x0000000727b05118) 
thrown [s\open\src\hotspot\share\prims\jni.cpp, line 520]
Event: 9253.773 Thread 0x000002bfdc531a30 Exception <a 'java/net/SocketException'{0x0000000728c442c8}: Connection reset by peer: shutdown> (0x0000000728c442c8) 
thrown [s\open\src\hotspot\share\prims\jni.cpp, line 539]
Event: 9389.579 Thread 0x000002bfdc52f2d0 Implicit null exception at 0x000002bf87ff5e37 to 0x000002bf87ff66b0
Event: 9424.565 Thread 0x000002bfd9f0f210 Implicit null exception at 0x000002bf87d7c152 to 0x000002bf87d82b64
Event: 10755.843 Thread 0x000002bfdc52d200 Implicit null exception at 0x000002bf87c8f2aa to 0x000002bf87c93c58
Event: 10755.844 Thread 0x000002bfdc52d200 Implicit null exception at 0x000002bf87cd0ec2 to 0x000002bf87cd122a
Event: 10755.844 Thread 0x000002bfdc52d200 Implicit null exception at 0x000002bf87cbef13 to 0x000002bf87cbf00d
Event: 10755.845 Thread 0x000002bfdc52d200 Implicit null exception at 0x000002bf87d2e854 to 0x000002bf87d2f1e4
Event: 10755.845 Thread 0x000002bfdc52d200 Implicit null exception at 0x000002bf87e98174 to 0x000002bf87e9a2a4
Event: 10755.847 Thread 0x000002bfdc52d200 Implicit null exception at 0x000002bf87d2d528 to 0x000002bf87d2d99c
Event: 10755.885 Thread 0x000002bfdc52f2d0 Exception <a 'java/net/SocketException'{0x00000007273faf68}: Connection reset by peer: shutdown> (0x00000007273faf68) 
thrown [s\open\src\hotspot\share\prims\jni.cpp, line 539]
Event: 10755.887 Thread 0x000002bfdc52f2d0 Exception <a 'java/io/IOException'{0x0000000727001c68}> (0x0000000727001c68) 
thrown [s\open\src\hotspot\share\prims\jni.cpp, line 520]
Event: 10755.898 Thread 0x000002bfd9f22010 Exception <a 'java/lang/InterruptedException'{0x000000072702fe50}: sleep interrupted> (0x000000072702fe50) 
thrown [s\open\src\hotspot\share\prims\jvm.cpp, line 3074]
Event: 10756.035 Thread 0x000002bfdc52f960 Exception <a 'sun/nio/fs/WindowsException'{0x000000072971af30}> (0x000000072971af30) 
thrown [s\open\src\hotspot\share\prims\jni.cpp, line 520]
Event: 10756.049 Thread 0x000002bfdc52f960 Implicit null exception at 0x000002bf8808dc4e to 0x000002bf8808e3cc
Event: 10756.127 Thread 0x000002bfdc52f960 Implicit null exception at 0x000002bf881c5f46 to 0x000002bf881c7164

ZGC Phase Switch (0 events):
No events

VM Operations (20 events):
Event: 10041.167 Executing VM operation: RendezvousGCThreads done
Event: 10155.278 Executing VM operation: Cleanup
Event: 10155.278 Executing VM operation: Cleanup done
Event: 10184.743 Executing VM operation: G1CollectForAllocation (G1 Evacuation Pause)
Event: 10184.745 Executing VM operation: G1CollectForAllocation (G1 Evacuation Pause) done
Event: 10397.574 Executing VM operation: G1CollectForAllocation (G1 Evacuation Pause)
Event: 10397.577 Executing VM operation: G1CollectForAllocation (G1 Evacuation Pause) done
Event: 10397.594 Executing VM operation: G1PauseRemark
Event: 10397.597 Executing VM operation: G1PauseRemark done
Event: 10397.603 Executing VM operation: G1PauseCleanup
Event: 10397.603 Executing VM operation: G1PauseCleanup done
Event: 10608.741 Executing VM operation: G1CollectForAllocation (G1 Evacuation Pause)
Event: 10608.742 Executing VM operation: G1CollectForAllocation (G1 Evacuation Pause) done
Event: 10755.899 Executing VM operation: G1CollectFull (System.gc())
Event: 10755.999 Executing VM operation: G1CollectFull (System.gc()) done
Event: 10756.248 Executing VM operation: ICBufferFull
Event: 10756.249 Executing VM operation: ICBufferFull done
Event: 10756.440 Executing VM operation: ICBufferFull
Event: 10756.440 Executing VM operation: ICBufferFull done
Event: 10757.451 Executing VM operation: Cleanup

Events (20 events):
Event: 10755.872 Thread 0x000002bfd9f212f0 Thread exited: 0x000002bfd9f212f0
Event: 10755.872 Thread 0x000002bfd9f21980 Thread exited: 0x000002bfd9f21980
Event: 10755.884 Thread 0x000002bfdc52f2d0 Thread added: 0x000002bfdc52f2d0
Event: 10755.884 Thread 0x000002bfd9f1d7e0 Thread exited: 0x000002bfd9f1d7e0
Event: 10755.888 Thread 0x000002bfdc52f2d0 Thread exited: 0x000002bfdc52f2d0
Event: 10755.898 Thread 0x000002bfd9f1c430 Thread exited: 0x000002bfd9f1c430
Event: 10755.898 Thread 0x000002bfd9f22010 Thread exited: 0x000002bfd9f22010
Event: 10755.898 Thread 0x000002bfd9f1f8b0 Thread exited: 0x000002bfd9f1f8b0
Event: 10755.969 Thread 0x000002bfff7da300 flushing nmethod 0x000002bf80e25890
Event: 10755.969 Thread 0x000002bfff7da300 flushing nmethod 0x000002bf809aee10
Event: 10755.969 Thread 0x000002bfff7da300 flushing nmethod 0x000002bf81135b90
Event: 10755.969 Thread 0x000002bfff7da300 flushing nmethod 0x000002bf806f1c10
Event: 10755.969 Thread 0x000002bfff7da300 flushing nmethod 0x000002bf80f04b90
Event: 10755.969 Thread 0x000002bfff7da300 flushing nmethod 0x000002bf80fa9310
Event: 10755.969 Thread 0x000002bfff7da300 flushing nmethod 0x000002bf80fa9e90
Event: 10756.000 Thread 0x000002bfdc52f2d0 Thread added: 0x000002bfdc52f2d0
Event: 10756.000 Thread 0x000002bfdc52f2d0 Thread exited: 0x000002bfdc52f2d0
Event: 10756.000 Thread 0x000002bfdc52f960 Thread added: 0x000002bfdc52f960
Event: 10756.155 Thread 0x000002bfdc52f2d0 Thread added: 0x000002bfdc52f2d0
Event: 10756.175 Thread 0x000002bfdc52f2d0 Thread exited: 0x000002bfdc52f2d0


Dynamic libraries:
0x00007ff79a440000 - 0x00007ff79a450000 	E:\File_Apps\jdk-21.0.6\bin\java.exe
0x00007ffaf8b80000 - 0x00007ffaf8de7000 	C:\WINDOWS\SYSTEM32\ntdll.dll
0x00007ffaf7180000 - 0x00007ffaf7249000 	C:\WINDOWS\System32\KERNEL32.DLL
0x00007ffaf6020000 - 0x00007ffaf6410000 	C:\WINDOWS\System32\KERNELBASE.dll
0x00007ffaf5e30000 - 0x00007ffaf5f7b000 	C:\WINDOWS\System32\ucrtbase.dll
0x00007ffaf0700000 - 0x00007ffaf0719000 	E:\File_Apps\jdk-21.0.6\bin\jli.dll
0x00007ffaf0770000 - 0x00007ffaf078b000 	E:\File_Apps\jdk-21.0.6\bin\VCRUNTIME140.dll
0x00007ffaf7800000 - 0x00007ffaf78b4000 	C:\WINDOWS\System32\ADVAPI32.dll
0x00007ffaf7250000 - 0x00007ffaf72f9000 	C:\WINDOWS\System32\msvcrt.dll
0x00007ffaf8050000 - 0x00007ffaf80f6000 	C:\WINDOWS\System32\sechost.dll
0x00007ffaf7050000 - 0x00007ffaf7168000 	C:\WINDOWS\System32\RPCRT4.dll
0x00007ffaf7300000 - 0x00007ffaf74c5000 	C:\WINDOWS\System32\USER32.dll
0x00007ffad8410000 - 0x00007ffad86aa000 	C:\WINDOWS\WinSxS\amd64_microsoft.windows.common-controls_6595b64144ccf1df_6.0.26100.4768_none_3e0c112ce331287c\COMCTL32.dll
0x00007ffaf68e0000 - 0x00007ffaf6907000 	C:\WINDOWS\System32\win32u.dll
0x00007ffaf8960000 - 0x00007ffaf898b000 	C:\WINDOWS\System32\GDI32.dll
0x00007ffaf6560000 - 0x00007ffaf6698000 	C:\WINDOWS\System32\gdi32full.dll
0x00007ffaedc80000 - 0x00007ffaedc8b000 	C:\WINDOWS\SYSTEM32\VERSION.dll
0x00007ffaf6420000 - 0x00007ffaf64c3000 	C:\WINDOWS\System32\msvcp_win.dll
0x00007ffaf77c0000 - 0x00007ffaf77ef000 	C:\WINDOWS\System32\IMM32.DLL
0x00007ffaf25d0000 - 0x00007ffaf25dc000 	E:\File_Apps\jdk-21.0.6\bin\vcruntime140_1.dll
0x00007ffac7270000 - 0x00007ffac72fe000 	E:\File_Apps\jdk-21.0.6\bin\msvcp140.dll
0x00007ffaa8380000 - 0x00007ffaa909a000 	E:\File_Apps\jdk-21.0.6\bin\server\jvm.dll
0x00007ffaf76c0000 - 0x00007ffaf7734000 	C:\WINDOWS\System32\WS2_32.dll
0x00007ffaf5b10000 - 0x00007ffaf5b6e000 	C:\WINDOWS\SYSTEM32\POWRPROF.dll
0x00007ffaec4e0000 - 0x00007ffaec515000 	C:\WINDOWS\SYSTEM32\WINMM.dll
0x00007ffaf5af0000 - 0x00007ffaf5b04000 	C:\WINDOWS\SYSTEM32\UMPDC.dll
0x00007ffaf4a30000 - 0x00007ffaf4a4b000 	C:\WINDOWS\SYSTEM32\kernel.appcore.dll
0x00007ffaef3e0000 - 0x00007ffaef3ea000 	E:\File_Apps\jdk-21.0.6\bin\jimage.dll
0x00007ffaf35a0000 - 0x00007ffaf37e1000 	C:\WINDOWS\SYSTEM32\DBGHELP.DLL
0x00007ffaf7a70000 - 0x00007ffaf7df5000 	C:\WINDOWS\System32\combase.dll
0x00007ffaf6a00000 - 0x00007ffaf6ae0000 	C:\WINDOWS\System32\OLEAUT32.dll
0x00007ffadffb0000 - 0x00007ffadfff3000 	C:\WINDOWS\SYSTEM32\dbgcore.DLL
0x00007ffaf5f80000 - 0x00007ffaf6019000 	C:\WINDOWS\System32\bcryptPrimitives.dll
0x00007ffaef3d0000 - 0x00007ffaef3df000 	E:\File_Apps\jdk-21.0.6\bin\instrument.dll
0x00007ffaec1b0000 - 0x00007ffaec1cf000 	E:\File_Apps\jdk-21.0.6\bin\java.dll
0x00007ffaf8180000 - 0x00007ffaf88cd000 	C:\WINDOWS\System32\SHELL32.dll
0x00007ffaf5cb0000 - 0x00007ffaf5e23000 	C:\WINDOWS\System32\wintypes.dll
0x00007ffaf3870000 - 0x00007ffaf40d0000 	C:\WINDOWS\SYSTEM32\windows.storage.dll
0x00007ffaf7e00000 - 0x00007ffaf7ef5000 	C:\WINDOWS\System32\SHCORE.dll
0x00007ffaf88f0000 - 0x00007ffaf895a000 	C:\WINDOWS\System32\shlwapi.dll
0x00007ffaf5bd0000 - 0x00007ffaf5bf9000 	C:\WINDOWS\SYSTEM32\profapi.dll
0x00007ffabeb40000 - 0x00007ffabec17000 	E:\File_Apps\jdk-21.0.6\bin\jsvml.dll
0x00007ffaebd80000 - 0x00007ffaebd98000 	E:\File_Apps\jdk-21.0.6\bin\zip.dll
0x00007ffaee890000 - 0x00007ffaee8a0000 	E:\File_Apps\jdk-21.0.6\bin\net.dll
0x00007ffaed950000 - 0x00007ffaeda6e000 	C:\WINDOWS\SYSTEM32\WINHTTP.dll
0x00007ffaf4fc0000 - 0x00007ffaf502b000 	C:\WINDOWS\system32\mswsock.dll
0x00007ffaebda0000 - 0x00007ffaebdb6000 	E:\File_Apps\jdk-21.0.6\bin\nio.dll
0x00007ffaec2a0000 - 0x00007ffaec2a9000 	E:\File_Apps\jdk-21.0.6\bin\extnet.dll
0x00007ffaeb5e0000 - 0x00007ffaeb5ea000 	E:\File_Apps\jdk-21.0.6\bin\management.dll
0x00007ffaeb5d0000 - 0x00007ffaeb5db000 	E:\File_Apps\jdk-21.0.6\bin\management_ext.dll
0x00007ffaf8b30000 - 0x00007ffaf8b38000 	C:\WINDOWS\System32\PSAPI.DLL
0x00007ffaecc60000 - 0x00007ffaecc6e000 	E:\File_Apps\jdk-21.0.6\bin\sunmscapi.dll
0x00007ffaf6760000 - 0x00007ffaf68d7000 	C:\WINDOWS\System32\CRYPT32.dll
0x00007ffaf54a0000 - 0x00007ffaf54d0000 	C:\WINDOWS\SYSTEM32\ncrypt.dll
0x00007ffaf5450000 - 0x00007ffaf548f000 	C:\WINDOWS\SYSTEM32\NTASN1.dll
0x00007ffaf5280000 - 0x00007ffaf529b000 	C:\WINDOWS\SYSTEM32\CRYPTSP.dll
0x00007ffaf4970000 - 0x00007ffaf49ab000 	C:\WINDOWS\system32\rsaenh.dll
0x00007ffaf5060000 - 0x00007ffaf508b000 	C:\WINDOWS\SYSTEM32\USERENV.dll
0x00007ffaf5ba0000 - 0x00007ffaf5bc6000 	C:\WINDOWS\SYSTEM32\bcrypt.dll
0x00007ffaf52a0000 - 0x00007ffaf52ac000 	C:\WINDOWS\SYSTEM32\CRYPTBASE.dll
0x00007ffaf43f0000 - 0x00007ffaf4423000 	C:\WINDOWS\SYSTEM32\IPHLPAPI.DLL
0x00007ffaf6af0000 - 0x00007ffaf6afa000 	C:\WINDOWS\System32\NSI.dll
0x00007ffaeb5c0000 - 0x00007ffaeb5d0000 	E:\File_Apps\jdk-21.0.6\bin\verify.dll
0x00007ffa5a4b0000 - 0x00007ffa5a4b8000 	C:\WINDOWS\system32\wshunix.dll

dbghelp: loaded successfully - version: 4.0.5 - missing functions: none
symbol engine: initialized successfully - sym options: 0x614 - pdb path: .;E:\File_Apps\jdk-21.0.6\bin;C:\WINDOWS\SYSTEM32;C:\WINDOWS\WinSxS\amd64_microsoft.windows.common-controls_6595b64144ccf1df_6.0.26100.4768_none_3e0c112ce331287c;E:\File_Apps\jdk-21.0.6\bin\server

VM Arguments:
jvm_args: -javaagent:E:\File_Apps\ItelliJ\Data\lib\idea_rt.jar=55130 -Dfile.encoding=UTF-8 -Dsun.stdout.encoding=UTF-8 -Dsun.stderr.encoding=UTF-8 
java_command: com.hoang.shopapp.HoangshopBackendApplication
java_class_path (initial): E:\HocTap\ChinhKhoa\Nam3\HK1\JavaNangCao\hoangshop_backend\target\classes;C:\Users\nguye\.m2\repository\org\springframework\boot\spring-boot-starter-data-jpa\3.5.4\spring-boot-starter-data-jpa-3.5.4.jar;C:\Users\nguye\.m2\repository\org\springframework\boot\spring-boot-starter\3.5.4\spring-boot-starter-3.5.4.jar;C:\Users\nguye\.m2\repository\org\springframework\boot\spring-boot-starter-logging\3.5.4\spring-boot-starter-logging-3.5.4.jar;C:\Users\nguye\.m2\repository\ch\qos\logback\logback-classic\1.5.18\logback-classic-1.5.18.jar;C:\Users\nguye\.m2\repository\ch\qos\logback\logback-core\1.5.18\logback-core-1.5.18.jar;C:\Users\nguye\.m2\repository\org\apache\logging\log4j\log4j-to-slf4j\2.24.3\log4j-to-slf4j-2.24.3.jar;C:\Users\nguye\.m2\repository\org\apache\logging\log4j\log4j-api\2.24.3\log4j-api-2.24.3.jar;C:\Users\nguye\.m2\repository\org\slf4j\jul-to-slf4j\2.0.17\jul-to-slf4j-2.0.17.jar;C:\Users\nguye\.m2\repository\jakarta\annotation\jakarta.annotation-api\2.1.1\jakarta.annotation-api-2.1.1.jar;C:\Users\nguye\.m2\repository\org\yaml\snakeyaml\2.4\snakeyaml-2.4.jar;C:\Users\nguye\.m2\repository\org\springframework\boot\spring-boot-starter-jdbc\3.5.4\spring-boot-starter-jdbc-3.5.4.jar;C:\Users\nguye\.m2\repository\com\zaxxer\HikariCP\6.3.1\HikariCP-6.3.1.jar;C:\Users\nguye\.m2\repository\org\springframework\spring-jdbc\6.2.9\spring-jdbc-6.2.9.jar;C:\Users\nguye\.m2\repository\org\hibernate\orm\hibernate-core\6.6.22.Final\hibernate-core-6.6.22.Final.jar;C:\Users\nguye\.m2\repository\jakarta\persistence\jakarta.persistence-api\3.1.0\jakarta.persistence-api-3.1.0.jar;C:\Users\nguye\.m2\repository\jakarta\transaction\jakarta.transaction-api\2.0.1\jakarta.transaction-api-2.0.1.jar;C:\Users\nguye\.m2\repository\org\jboss\logging\jboss-logging\3.6.1.Final\jboss-logging-3.6.1.Final.jar;C:\Users\nguye\.m2\repository\org\hibernate\common\hibernate-commons-annotations\7.0.3.Final\hibernate-commons-annotations-7.0.3.Final.jar;C:\Users\nguye\.m2\repository\io\smallrye\jandex\3.2.0\jandex-3.2.0.jar;C:\Users\nguye\.m2\repository\com\fasterxml\classmate\1.7.0\classmate-1.7.0.jar;C:\Users\nguye\.m2\repository\net\bytebuddy\byte-buddy\1.17.6\byte-buddy-1.17.6.jar;C:\Users\nguye\.m2\repository\org\glassfish\jaxb\jaxb-runtime\4.0.5\jaxb-runtime-4.0.5.jar;C:\Users\nguye\.m2\repository\org\glassfish\jaxb\jaxb-core\4.0.5\jaxb-core-4.0.5.jar;C:\Users\nguye\.m2\repository\org\eclipse\angus\angus-activation\2.0.2\angus-activation-2.0.2.jar;C:\Users\nguye\.m2\repository\org\glassfish\jaxb\txw2\4.0.5\txw2-4.0.5.jar;C:\Users\nguye\.m2\repository\com\sun\istack\istack-commons-runtime\4.1.2\istack-commons-runtime-4.1.2.jar;C:\Users\nguye\.m2\repository\jakarta\inject\jakarta.inject-api\2.0.1\jakarta.inject-api-2.0.1.jar;C:\Users\nguye\.m2\repository\org\antlr\antlr4-runtime\4.13.0\antlr4-runtime-4.13.0.jar;C:\Users\nguye\.m2\repository\org\springframework\data\spring-data-jpa\3.5.2\spring-data-jpa-3.5.2.jar;C:\Users\nguye\.m2\repository\org\springframework\data\spring-data-commons\3.5.2\spring-data-commons-3.5.2.jar;C:\Users\nguye\.m2\repository\org\springframework\spring-orm\6.2.9\spring-orm-6.2.9.jar;C:\Users\nguye\.m2\repository\org\springframework\spring-context\6.2.9\spring-context-6.2.9.jar;C:\Users\nguye\.m2\repository\org\springframework\spring-tx\6.2.9\spring-tx-6.2.9.jar;C:\Users\nguye\.m2\repository\org\springframework\spring-beans\6.2.9\spring-beans-6.2.9.jar;C:\Users\nguye\.m2\repository\org\slf4j\slf4j-api\2.0.17\slf4j-api-2.0.17.jar;C:\Users\nguye\.m2\repository\org\springframework\spring-aspects\6.2.9\spring-aspects-6.2.9.jar;C:\Users\nguye\.m2\repository\org\aspectj\aspectjweaver\1.9.24\aspectjweaver-1.9.24.jar;C:\Users\nguye\.m2\repository\org\springframework\boot\spring-boot-starter-web\3.5.4\spring-boot-starter-web-3.5.4.jar;C:\Users\nguye\.m2\repository\org\springframework\boot\spring-boot-starter-json\3.5.4\spring-boot-starter-json-3.5.4.jar;C:\Users\nguye\.m2\repository\com\fasterxml\jackson\datatype\jackson-datatype-jdk8\2.19.2\jackson-datatype-jdk8-2.19.2.jar;C:\Users\nguye\.m2\repository\com\fasterxml\jackson\datatype\jackson-datatype-jsr310\2.19.2\jackson-datatype-jsr310-2.19.2.jar;C:\Users\nguye\.m2\repository\com\fasterxml\jackson\module\jackson-module-parameter-names\2.19.2\jackson-module-parameter-names-2.19.2.jar;C:\Users\nguye\.m2\repository\org\springframework\boot\spring-boot-starter-tomcat\3.5.4\spring-boot-starter-tomcat-3.5.4.jar;C:\Users\nguye\.m2\repository\org\apache\tomcat\embed\tomcat-embed-core\10.1.43\tomcat-embed-core-10.1.43.jar;C:\Users\nguye\.m2\repository\org\apache\tomcat\embed\tomcat-embed-el\10.1.43\tomcat-embed-el-10.1.43.jar;C:\Users\nguye\.m2\repository\org\apache\tomcat\embed\tomcat-embed-websocket\10.1.43\tomcat-embed-websocket-10.1.43.jar;C:\Users\nguye\.m2\repository\org\springframework\spring-web\6.2.9\spring-web-6.2.9.jar;C:\Users\nguye\.m2\repository\io\micrometer\micrometer-observation\1.15.2\micrometer-observation-1.15.2.jar;C:\Users\nguye\.m2\repository\io\micrometer\micrometer-commons\1.15.2\micrometer-commons-1.15.2.jar;C:\Users\nguye\.m2\repository\org\springframework\spring-webmvc\6.2.9\spring-webmvc-6.2.9.jar;C:\Users\nguye\.m2\repository\org\springframework\spring-expression\6.2.9\spring-expression-6.2.9.jar;C:\Users\nguye\.m2\repository\org\springframework\boot\spring-boot-starter-thymeleaf\3.5.4\spring-boot-starter-thymeleaf-3.5.4.jar;C:\Users\nguye\.m2\repository\org\thymeleaf\thymeleaf-spring6\3.1.3.RELEASE\thymeleaf-spring6-3.1.3.RELEASE.jar;C:\Users\nguye\.m2\repository\org\thymeleaf\thymeleaf\3.1.3.RELEASE\thymeleaf-3.1.3.RELEASE.jar;C:\Users\nguye\.m2\repository\org\attoparser\attoparser\2.0.7.RELEASE\attoparser-2.0.7.RELEASE.jar;C:\Users\nguye\.m2\repository\org\unbescape\unbescape\1.1.6.RELEASE\unbescape-1.1.6.RELEASE.jar;C:\Users\nguye\.m2\repository\org\springframework\boot\spring-boot-starter-security\3.5.4\spring-boot-starter-security-3.5.4.jar;C:\Users\nguye\.m2\repository\org\springframework\spring-aop\6.2.9\spring-aop-6.2.9.jar;C:\Users\nguye\.m2\repository\org\springframework\security\spring-security-config\6.5.2\spring-security-config-6.5.2.jar;C:\Users\nguye\.m2\repository\org\springframework\security\spring-security-core\6.5.2\spring-security-core-6.5.2.jar;C:\Users\nguye\.m2\repository\org\springframework\security\spring-security-crypto\6.5.2\spring-security-crypto-6.5.2.jar;C:\Users\nguye\.m2\repository\org\springframework\security\spring-security-web\6.5.2\spring-security-web-6.5.2.jar;C:\Users\nguye\.m2\repository\org\springframework\boot\spring-boot-devtools\3.5.4\spring-boot-devtools-3.5.4.jar;C:\Users\nguye\.m2\repository\org\springframework\boot\spring-boot\3.5.4\spring-boot-3.5.4.jar;C:\Users\nguye\.m2\repository\org\springframework\boot\spring-boot-autoconfigure\3.5.4\spring-boot-autoconfigure-3.5.4.jar;C:\Users\nguye\.m2\repository\com\mysql\mysql-connector-j\9.3.0\mysql-connector-j-9.3.0.jar;C:\Users\nguye\.m2\repository\jakarta\xml\bind\jakarta.xml.bind-api\4.0.2\jakarta.xml.bind-api-4.0.2.jar;C:\Users\nguye\.m2\repository\jakarta\activation\jakarta.activation-api\2.1.3\jakarta.activation-api-2.1.3.jar;C:\Users\nguye\.m2\repository\org\springframework\spring-core\6.2.9\spring-core-6.2.9.jar;C:\Users\nguye\.m2\repository\org\springframework\spring-jcl\6.2.9\spring-jcl-6.2.9.jar;C:\Users\nguye\.m2\repository\io\jsonwebtoken\jjwt-api\0.11.5\jjwt-api-0.11.5.jar;C:\Users\nguye\.m2\repository\io\jsonwebtoken\jjwt-impl\0.11.5\jjwt-impl-0.11.5.jar;C:\Users\nguye\.m2\repository\io\jsonwebtoken\jjwt-jackson\0.11.5\jjwt-jackson-0.11.5.jar;C:\Users\nguye\.m2\repository\com\fasterxml\jackson\core\jackson-databind\2.19.2\jackson-databind-2.19.2.jar;C:\Users\nguye\.m2\repository\com\fasterxml\jackson\core\jackson-annotations\2.19.2\jackson-annotations-2.19.2.jar;C:\Users\nguye\.m2\repository\com\fasterxml\jackson\core\jackson-core\2.19.2\jackson-core-2.19.2.jar
Launcher Type: SUN_STANDARD

[Global flags]
     intx CICompilerCount                          = 4                                         {product} {ergonomic}
     uint ConcGCThreads                            = 3                                         {product} {ergonomic}
     uint G1ConcRefinementThreads                  = 10                                        {product} {ergonomic}
   size_t G1HeapRegionSize                         = 2097152                                   {product} {ergonomic}
    uintx GCDrainStackTargetSize                   = 64                                        {product} {ergonomic}
   size_t InitialHeapSize                          = 232783872                                 {product} {ergonomic}
   size_t MarkStackSize                            = 4194304                                   {product} {ergonomic}
   size_t MaxHeapSize                              = 3718250496                                {product} {ergonomic}
   size_t MaxNewSize                               = 2229272576                                {product} {ergonomic}
   size_t MinHeapDeltaBytes                        = 2097152                                   {product} {ergonomic}
   size_t MinHeapSize                              = 8388608                                   {product} {ergonomic}
    uintx NonNMethodCodeHeapSize                   = 5839372                                {pd product} {ergonomic}
    uintx NonProfiledCodeHeapSize                  = 122909434                              {pd product} {ergonomic}
    uintx ProfiledCodeHeapSize                     = 122909434                              {pd product} {ergonomic}
    uintx ReservedCodeCacheSize                    = 251658240                              {pd product} {ergonomic}
     bool SegmentedCodeCache                       = true                                      {product} {ergonomic}
   size_t SoftMaxHeapSize                          = 3718250496                             {manageable} {ergonomic}
     bool UseCompressedOops                        = true                           {product lp64_product} {ergonomic}
     bool UseG1GC                                  = true                                      {product} {ergonomic}
     bool UseLargePagesIndividualAllocation        = false                                  {pd product} {ergonomic}

Logging:
Log output configuration:
 #0: stdout all=warning uptime,level,tags foldmultilines=false
 #1: stderr all=off uptime,level,tags foldmultilines=false

Environment Variables:
PATH=C:\WINDOWS\system32;C:\WINDOWS;C:\WINDOWS\System32\Wbem;C:\WINDOWS\System32\WindowsPowerShell\v1.0\;C:\WINDOWS\System32\OpenSSH\;C:\Program Files\Git\cmd;C:\ProgramData\chocolatey\bin;E:\File_Apps\mingw32\bin;E:\File_Apps\jdk-21.0.6\bin;C:\Program Files\Microsoft SQL Server\Client SDK\ODBC\110\Tools\Binn\;C:\Program Files (x86)\Microsoft SQL Server\120\Tools\Binn\;C:\Program Files\Microsoft SQL Server\120\Tools\Binn\;C:\Program Files\Microsoft SQL Server\120\DTS\Binn\;C:\Program Files (x86)\Microsoft SQL Server\120\Tools\Binn\ManagementStudio\;C:\Program Files (x86)\Microsoft SQL Server\120\DTS\Binn\;C:\Users\nguye\Downloads\platform-tools-latest-windows\platform-tools;C:\Program Files\Microsoft VS Code\bin;C:\Program Files\WireGuard\;C:\Program Files\Tailscale\;C:\Program Files\nodejs\;C:\Users\nguye\AppData\Local\Programs\Python\Launcher\;C:\Program Files\MySQL\MySQL Shell 8.0\bin\;C:\Users\nguye\AppData\Local\Microsoft\WindowsApps;E:\File_Apps\IntelliJ_IDEA\IntelliJ IDEA Community Edition 2025.1.3\bin;;C:\Users\nguye\AppData\Local\Microsoft\WinGet\Packages\UniKey.UniKey_Microsoft.Winget.Source_8wekyb3d8bbwe;C:\Program Files\Oracle\VirtualBox;E:\File_Apps\Python\Python313\Scripts;E:\File_Apps\Python\Python313;E:\File_Apps\JetBrains\PyCharm 2025.2.1.1\bin;C:\Users\nguye\AppData\Roaming\npm
USERNAME=hoang
OS=Windows_NT
PROCESSOR_IDENTIFIER=AMD64 Family 25 Model 80 Stepping 0, AuthenticAMD
TMP=C:\Users\nguye\AppData\Local\Temp
TEMP=C:\Users\nguye\AppData\Local\Temp




Periodic native trim disabled

---------------  S Y S T E M  ---------------

OS:
 Windows 11 , 64 bit Build 26100 (10.0.26100.4768)
OS uptime: 22 days 11:17 hours
Hyper-V role detected

CPU: total 12 (initial active 12) (12 cores per cpu, 2 threads per core) family 25 model 80 stepping 0 microcode 0xa50000c, cx8, cmov, fxsr, ht, mmx, 3dnowpref, sse, sse2, sse3, ssse3, sse4a, sse4.1, sse4.2, popcnt, lzcnt, tsc, tscinvbit, avx, avx2, aes, erms, clmul, bmi1, bmi2, adx, sha, fma, vzeroupper, clflush, clflushopt, hv, rdtscp, rdpid, fsrm, f16c, cet_ss
Processor Information for all 12 processors :
  Max Mhz: 2301, Current Mhz: 2301, Mhz Limit: 2301

Memory: 4k page, system-wide physical 14181M (694M free)
TotalPageFile size 26883M (AvailPageFile size 47M)
current process WorkingSet (physical memory assigned to process): 317M, peak: 386M
current process commit charge ("private bytes"): 415M, peak: 475M

vm_info: Java HotSpot(TM) 64-Bit Server VM (21.0.6+8-LTS-188) for windows-amd64 JRE (21.0.6+8-LTS-188), built on 2024-12-03T10:50:54Z by "mach5one" with MS VC++ 17.6 (VS2022)

END.
